2021-05-19 00:32:17,762 - instabot version: 0.117.0 (bot) - INFO - Instabot version: 0.117.0 Started
2021-05-19 00:32:17,762 - instabot version: 0.117.0 (bot) - DEBUG - Bot imported from /opt/homebrew/lib/python3.9/site-packages/instabot/bot/bot.py
2021-05-19 00:32:17,763 - instabot version: 0.117.0 (api_login) - INFO - Not yet logged in starting: PRE-LOGIN FLOW!
2021-05-19 00:32:18,129 - instabot version: 0.117.0 (api) - DEBUG - POST to endpoint: accounts/get_prefill_candidates/ returned response: <Response [200]>
2021-05-19 00:32:18,464 - instabot version: 0.117.0 (api) - DEBUG - POST to endpoint: qe/sync/ returned response: <Response [200]>
2021-05-19 00:32:18,837 - instabot version: 0.117.0 (api) - DEBUG - POST to endpoint: launcher/sync/ returned response: <Response [200]>
2021-05-19 00:32:19,206 - instabot version: 0.117.0 (api) - DEBUG - POST to endpoint: accounts/contact_point_prefill/ returned response: <Response [200]>
2021-05-19 00:32:20,810 - instabot version: 0.117.0 (api) - DEBUG - POST to endpoint: accounts/login/ returned response: <Response [200]>
2021-05-19 00:32:20,811 - instabot version: 0.117.0 (api) - INFO - Logged-in successfully as 'fun.zop.testing'!
2021-05-19 00:32:20,811 - instabot version: 0.117.0 (api_login) - INFO - LOGIN FLOW! Just logged-in: True
2021-05-19 00:32:21,185 - instabot version: 0.117.0 (api) - DEBUG - POST to endpoint: qe/sync/ returned response: <Response [200]>
2021-05-19 00:32:21,596 - instabot version: 0.117.0 (api) - DEBUG - POST to endpoint: launcher/sync/ returned response: <Response [200]>
2021-05-19 00:32:21,974 - instabot version: 0.117.0 (api) - DEBUG - GET to endpoint: zr/token/result/?device_id=android-d6892867be2b5d40&token_hash=&custom_device_id=android-d6892867be2b5d40&fetch_reason=token_expired returned response: <Response [200]>
2021-05-19 00:32:22,441 - instabot version: 0.117.0 (api) - DEBUG - GET to endpoint: multiple_accounts/get_account_family/ returned response: <Response [200]>
2021-05-19 00:32:22,820 - instabot version: 0.117.0 (api) - DEBUG - POST to endpoint: qe/sync/ returned response: <Response [200]>
2021-05-19 00:32:23,412 - instabot version: 0.117.0 (api) - DEBUG - GET to endpoint: igtv/browse_feed/?prefetch=1 returned response: <Response [200]>
2021-05-19 00:32:23,800 - instabot version: 0.117.0 (api) - DEBUG - POST to endpoint: creatives/ar_class/ returned response: <Response [200]>
2021-05-19 00:32:24,263 - instabot version: 0.117.0 (api) - DEBUG - POST to endpoint: feed/reels_tray/ returned response: <Response [200]>
2021-05-19 00:32:25,433 - instabot version: 0.117.0 (api) - DEBUG - POST to endpoint: feed/timeline/ returned response: <Response [200]>
2021-05-19 00:32:25,842 - instabot version: 0.117.0 (api) - DEBUG - GET to endpoint: media/blocked/ returned response: <Response [200]>
2021-05-19 00:32:26,541 - instabot version: 0.117.0 (api) - DEBUG - GET to endpoint: news/inbox/ returned response: <Response [200]>
2021-05-19 00:32:27,635 - instabot version: 0.117.0 (api) - DEBUG - GET to endpoint: loom/fetch_config/ returned response: <Response [200]>
2021-05-19 00:32:28,076 - instabot version: 0.117.0 (api) - DEBUG - GET to endpoint: scores/bootstrap/users/?surfaces=["autocomplete_user_list","coefficient_besties_list_ranking","coefficient_rank_recipient_user_suggestion","coefficient_ios_section_test_bootstrap_ranking","coefficient_direct_recipients_ranking_variant_2"] returned response: <Response [200]>
2021-05-19 00:32:28,509 - instabot version: 0.117.0 (api) - DEBUG - GET to endpoint: business/eligibility/get_monetization_products_eligibility_data/?product_types=branded_content returned response: <Response [200]>
2021-05-19 00:32:28,897 - instabot version: 0.117.0 (api) - DEBUG - GET to endpoint: business/branded_content/should_require_professional_account/ returned response: <Response [200]>
2021-05-19 00:32:29,305 - instabot version: 0.117.0 (api) - DEBUG - GET to endpoint: linked_accounts/get_linkage_status/ returned response: <Response [200]>
2021-05-19 00:32:29,695 - instabot version: 0.117.0 (api) - DEBUG - GET to endpoint: locations/request_country/ returned response: <Response [200]>
2021-05-19 00:32:30,101 - instabot version: 0.117.0 (api) - DEBUG - GET to endpoint: qp/get_cooldowns/?signed_body=signed_body=4b9c516a5410a3bc128e09c6104a7f042146b9c2023870560c63a43a7f66781c.4&ig_sig_key_version=4&ig_sig_key_version=4 returned response: <Response [200]>
2021-05-19 00:32:30,485 - instabot version: 0.117.0 (api) - DEBUG - GET to endpoint: users/arlink_download_info/?version_override=2.2.1 returned response: <Response [200]>
2021-05-19 00:32:30,985 - instabot version: 0.117.0 (api) - DEBUG - GET to endpoint: users/47872977722/info/ returned response: <Response [200]>
2021-05-19 00:32:31,371 - instabot version: 0.117.0 (api) - DEBUG - GET to endpoint: direct_v2/get_presence/ returned response: <Response [200]>
2021-05-19 00:32:31,793 - instabot version: 0.117.0 (api) - DEBUG - GET to endpoint: direct_v2/inbox/?visual_message_return_type=unseen&thread_message_limit=10&persistentBadging=true&limit=20 returned response: <Response [200]>
2021-05-19 00:32:32,203 - instabot version: 0.117.0 (api) - DEBUG - GET to endpoint: direct_v2/inbox/?visual_message_return_type=unseen&persistentBadging=true&limit=0 returned response: <Response [200]>
2021-05-19 00:32:32,663 - instabot version: 0.117.0 (api) - DEBUG - GET to endpoint: discover/topical_explore/?is_prefetch=true&omit_cover_media=true&use_sectional_payload=true&timezone_offset=0&session_id=84547db4-7b9f-4662-9e5c-a8bcd615c0c1&include_fixed_destinations=true returned response: <Response [200]>
2021-05-19 00:32:33,042 - instabot version: 0.117.0 (api) - DEBUG - POST to endpoint: notifications/badge/ returned response: <Response [200]>
2021-05-19 00:32:33,617 - instabot version: 0.117.0 (api) - DEBUG - POST to endpoint: qp/batch_fetch/ returned response: <Response [200]>
2021-05-19 00:32:33,617 - instabot version: 0.117.0 (bot_checkpoint) - DEBUG - Loading Checkpoint file from: /Users/mohit/programming/instameme/config/fun.zop.testing.checkpoint
2021-05-19 00:32:54,740 - instabot version: 0.117.0 (api) - DEBUG - POST to endpoint: media/configure/? returned response: <Response [560]>
2021-05-19 00:32:54,740 - instabot version: 0.117.0 (api) - DEBUG - Responsecode indicates error; response content: b''
2021-05-19 00:32:54,740 - instabot version: 0.117.0 (api) - ERROR - Request returns 560 error!
2021-05-19 00:32:54,741 - instabot version: 0.117.0 (api) - ERROR - Error checking for `feedback_required`, response text is not JSON
2021-05-19 00:32:54,741 - instabot version: 0.117.0 (api) - INFO - Full Response: <Response [560]>
2021-05-19 00:32:54,741 - instabot version: 0.117.0 (api) - INFO - Response Text: 
2021-05-19 00:32:54,741 - instabot version: 0.117.0 (api) - ERROR - Error unknown send request
2021-05-19 00:33:10,778 - instabot version: 0.117.0 (api) - DEBUG - POST to endpoint: media/configure/? returned response: <Response [200]>
2021-05-19 00:33:11,157 - instabot version: 0.117.0 (api) - DEBUG - POST to endpoint: qe/expose/ returned response: <Response [200]>
2021-05-19 00:33:11,161 - instabot version: 0.117.0 (bot_photo) - INFO - Photo 'meme.jpg' is uploaded.
2021-05-19 00:33:11,167 - instabot version: 0.117.0 (bot_checkpoint) - DEBUG - Saving Checkpoint file to: /Users/mohit/programming/instameme/config/fun.zop.testing.checkpoint
2021-05-19 00:33:11,169 - instabot version: 0.117.0 (bot) - INFO - Total requests: 34
